<?xml version="1.0" encoding="UTF-8"?>
<!-- Generated by org.testng.reporters.JUnitReportReporter -->
<testsuite hostname="DESKTOP-3FJ2E8T" failures="0" tests="4" name="test.components.AccountCreationTest" time="89.677" errors="0" timestamp="2024-02-16T17:06:34 IST" skipped="0">
  <testcase classname="test.components.AccountCreationTest" name="creationTc05" time="22.595"/>
  <system-out/>
  <testcase classname="test.components.AccountCreationTest" name="creationTc05" time="22.673"/>
  <system-out/>
  <testcase classname="test.components.AccountCreationTest" name="creationTc06" time="23.084"/>
  <system-out/>
  <testcase classname="test.components.AccountCreationTest" name="creationTc06" time="21.325"/>
  <system-out/>
</testsuite> <!-- test.components.AccountCreationTest -->
