<?xml version="1.0" encoding="UTF-8"?>
<!-- Generated by org.testng.reporters.JUnitReportReporter -->
<testsuite hostname="DESKTOP-3FJ2E8T" failures="0" tests="2" name="test.components.BottomLinksTest" time="187.816" errors="0" timestamp="2024-02-16T17:06:34 IST" skipped="0">
  <testcase classname="test.components.BottomLinksTest" name="bottomLinksTc13" time="103.557"/>
  <system-out/>
  <testcase classname="test.components.BottomLinksTest" name="bottomLinksTc13" time="84.259"/>
  <system-out/>
</testsuite> <!-- test.components.BottomLinksTest -->
