<?xml version="1.0" encoding="UTF-8"?>
<!-- Generated by org.testng.reporters.JUnitReportReporter -->
<testsuite hostname="DESKTOP-3FJ2E8T" failures="0" tests="4" name="test.components.ShopByBrandTest" time="174.002" errors="0" timestamp="2024-02-16T17:06:34 IST" skipped="0">
  <testcase classname="test.components.ShopByBrandTest" name="brandCartTc11" time="47.531"/>
  <system-out/>
  <testcase classname="test.components.ShopByBrandTest" name="brandCartTc11" time="48.942"/>
  <system-out/>
  <testcase classname="test.components.ShopByBrandTest" name="brandCartTc10" time="39.807"/>
  <system-out/>
  <testcase classname="test.components.ShopByBrandTest" name="brandCartTc10" time="37.722"/>
  <system-out/>
</testsuite> <!-- test.components.ShopByBrandTest -->
