<?xml version="1.0" encoding="UTF-8"?>
<!-- Generated by org.testng.reporters.JUnitReportReporter -->
<testsuite hostname="DESKTOP-3FJ2E8T" failures="0" tests="2" name="test.components.CheckOutTest" time="137.746" errors="0" timestamp="2024-02-16T17:06:34 IST" skipped="0">
  <testcase classname="test.components.CheckOutTest" name="paymentTc12" time="71.088"/>
  <system-out/>
  <testcase classname="test.components.CheckOutTest" name="paymentTc12" time="66.658"/>
  <system-out/>
</testsuite> <!-- test.components.CheckOutTest -->
