<?xml version="1.0" encoding="UTF-8"?>
<!-- Generated by org.testng.reporters.JUnitReportReporter -->
<testsuite hostname="DESKTOP-3FJ2E8T" failures="0" tests="2" name="test.components.SearchAddItemTest" time="78.770" errors="0" timestamp="2024-02-16T17:06:34 IST" skipped="0">
  <testcase classname="test.components.SearchAddItemTest" name="searchItemTc07" time="43.728"/>
  <system-out/>
  <testcase classname="test.components.SearchAddItemTest" name="searchItemTc07" time="35.042"/>
  <system-out/>
</testsuite> <!-- test.components.SearchAddItemTest -->
