<?xml version="1.0" encoding="UTF-8"?>
<!-- Generated by org.testng.reporters.JUnitReportReporter -->
<testsuite hostname="DESKTOP-3FJ2E8T" failures="0" tests="4" name="test.components.ShopByDeaprtmentTest" time="144.830" errors="0" timestamp="2024-02-16T17:06:34 IST" skipped="0">
  <testcase classname="test.components.ShopByDeaprtmentTest" name="departCartTc08" time="37.704"/>
  <system-out/>
  <testcase classname="test.components.ShopByDeaprtmentTest" name="departCartTc08" time="35.455"/>
  <system-out/>
  <testcase classname="test.components.ShopByDeaprtmentTest" name="departCartTc09" time="36.740"/>
  <system-out/>
  <testcase classname="test.components.ShopByDeaprtmentTest" name="departCartTc09" time="34.931"/>
  <system-out/>
</testsuite> <!-- test.components.ShopByDeaprtmentTest -->
