<?xml version="1.0" encoding="UTF-8"?>
<!-- Generated by org.testng.reporters.JUnitReportReporter -->
<testsuite hostname="DESKTOP-3FJ2E8T" failures="0" tests="8" name="test.components.LoginTest" time="168.507" errors="0" timestamp="2024-02-16T17:06:34 IST" skipped="0">
  <testcase classname="test.components.LoginTest" name="signinTc01" time="20.886"/>
  <system-out/>
  <testcase classname="test.components.LoginTest" name="signinTc01" time="18.836"/>
  <system-out/>
  <testcase classname="test.components.LoginTest" name="signinTc02" time="21.734"/>
  <system-out/>
  <testcase classname="test.components.LoginTest" name="signinTc02" time="20.139"/>
  <system-out/>
  <testcase classname="test.components.LoginTest" name="signinTc03" time="21.236"/>
  <system-out/>
  <testcase classname="test.components.LoginTest" name="signinTc03" time="21.664"/>
  <system-out/>
  <testcase classname="test.components.LoginTest" name="signinTc04" time="21.295"/>
  <system-out/>
  <testcase classname="test.components.LoginTest" name="signinTc04" time="22.717"/>
  <system-out/>
</testsuite> <!-- test.components.LoginTest -->
