<?xml version="1.0" encoding="UTF-8"?>
<!-- Generated by org.testng.reporters.JUnitReportReporter -->
<testsuite hostname="DESKTOP-3FJ2E8T" failures="0" tests="4" name="test.components.ShopByBrandTest" time="172.147" errors="0" timestamp="2024-02-16T17:35:16 IST" skipped="0">
  <testcase classname="test.components.ShopByBrandTest" name="brandCartTc11" time="39.596"/>
  <system-out/>
  <testcase classname="test.components.ShopByBrandTest" name="brandCartTc11" time="40.940"/>
  <system-out/>
  <testcase classname="test.components.ShopByBrandTest" name="brandCartTc10" time="48.385"/>
  <system-out/>
  <testcase classname="test.components.ShopByBrandTest" name="brandCartTc10" time="43.226"/>
  <system-out/>
</testsuite> <!-- test.components.ShopByBrandTest -->
