<?xml version="1.0" encoding="UTF-8"?>
<!-- Generated by org.testng.reporters.JUnitReportReporter -->
<testsuite hostname="DESKTOP-3FJ2E8T" failures="0" tests="2" name="test.components.MenuTest" time="167.104" errors="0" timestamp="2024-02-16T17:35:16 IST" skipped="0">
  <testcase classname="test.components.MenuTest" name="menuValidationTc14" time="92.042"/>
  <system-out/>
  <testcase classname="test.components.MenuTest" name="menuValidationTc14" time="75.062"/>
  <system-out/>
</testsuite> <!-- test.components.MenuTest -->
