<?xml version="1.0" encoding="UTF-8"?>
<!-- Generated by org.testng.reporters.JUnitReportReporter -->
<testsuite hostname="DESKTOP-3FJ2E8T" failures="0" tests="2" name="test.components.BottomLinksTest" time="200.234" errors="0" timestamp="2024-02-16T17:35:16 IST" skipped="0">
  <testcase classname="test.components.BottomLinksTest" name="bottomLinksTc13" time="97.080"/>
  <system-out/>
  <testcase classname="test.components.BottomLinksTest" name="bottomLinksTc13" time="103.154"/>
  <system-out/>
</testsuite> <!-- test.components.BottomLinksTest -->
