<?xml version="1.0" encoding="UTF-8"?>
<!-- Generated by org.testng.reporters.JUnitReportReporter -->
<testsuite hostname="DESKTOP-3FJ2E8T" failures="0" tests="4" name="test.components.AccountCreationTest" time="107.624" errors="0" timestamp="2024-02-16T17:35:16 IST" skipped="0">
  <testcase classname="test.components.AccountCreationTest" name="creationTc05" time="27.192"/>
  <system-out/>
  <testcase classname="test.components.AccountCreationTest" name="creationTc05" time="22.090"/>
  <system-out/>
  <testcase classname="test.components.AccountCreationTest" name="creationTc06" time="23.231"/>
  <system-out/>
  <testcase classname="test.components.AccountCreationTest" name="creationTc06" time="35.111"/>
  <system-out/>
</testsuite> <!-- test.components.AccountCreationTest -->
