<?xml version="1.0" encoding="UTF-8"?>
<!-- Generated by org.testng.reporters.JUnitReportReporter -->
<testsuite hostname="DESKTOP-3FJ2E8T" failures="0" tests="2" name="test.components.SearchAddItemTest" time="69.546" errors="0" timestamp="2024-02-16T17:35:16 IST" skipped="0">
  <testcase classname="test.components.SearchAddItemTest" name="searchItemTc07" time="37.071"/>
  <system-out/>
  <testcase classname="test.components.SearchAddItemTest" name="searchItemTc07" time="32.475"/>
  <system-out/>
</testsuite> <!-- test.components.SearchAddItemTest -->
