<?xml version="1.0" encoding="UTF-8"?>
<!-- Generated by org.testng.reporters.JUnitReportReporter -->
<testsuite hostname="DESKTOP-3FJ2E8T" failures="0" tests="2" name="test.components.UrlLinkTest" time="27.385" errors="0" timestamp="2024-02-16T17:35:16 IST" skipped="0">
  <testcase classname="test.components.UrlLinkTest" name="brokenUrlValidationTc15" time="11.482"/>
  <system-out/>
  <testcase classname="test.components.UrlLinkTest" name="brokenUrlValidationTc15" time="15.903"/>
  <system-out/>
</testsuite> <!-- test.components.UrlLinkTest -->
