<?xml version="1.0" encoding="UTF-8"?>
<!-- Generated by org.testng.reporters.JUnitReportReporter -->
<testsuite hostname="DESKTOP-3FJ2E8T" failures="0" tests="8" name="test.components.LoginTest" time="157.502" errors="0" timestamp="2024-02-16T17:35:16 IST" skipped="0">
  <testcase classname="test.components.LoginTest" name="signinTc01" time="22.310"/>
  <system-out/>
  <testcase classname="test.components.LoginTest" name="signinTc01" time="17.559"/>
  <system-out/>
  <testcase classname="test.components.LoginTest" name="signinTc02" time="22.807"/>
  <system-out/>
  <testcase classname="test.components.LoginTest" name="signinTc02" time="18.003"/>
  <system-out/>
  <testcase classname="test.components.LoginTest" name="signinTc03" time="21.909"/>
  <system-out/>
  <testcase classname="test.components.LoginTest" name="signinTc03" time="17.582"/>
  <system-out/>
  <testcase classname="test.components.LoginTest" name="signinTc04" time="17.965"/>
  <system-out/>
  <testcase classname="test.components.LoginTest" name="signinTc04" time="19.367"/>
  <system-out/>
</testsuite> <!-- test.components.LoginTest -->
